<?xml version="1.0" encoding="UTF-8"?>
<!-- Generated by org.testng.reporters.JUnitReportReporter -->
<testsuite skipped="0" hostname="DESKTOP-LH273OQ" name="com.mtx.apitest.DeleteCustomerTests" tests="1" failures="0" timestamp="15 十二月 2020 05:31:34 GMT" time="0.085" errors="0">
  <testcase name="test02_deleteCustomer" time="0.085" classname="com.mtx.apitest.DeleteCustomerTests"/>
</testsuite> <!-- com.mtx.apitest.DeleteCustomerTests -->
