<?xml version="1.0" encoding="UTF-8"?>
<!-- Generated by org.testng.reporters.JUnitReportReporter -->
<testsuite skipped="0" hostname="DESKTOP-LH273OQ" name="com.mtx.shop1118.MtxShopOrderTest1123_2" tests="6" failures="0" timestamp="02 十二月 2020 12:21:12 GMT" time="1.988" errors="0">
  <testcase name="test03_addOrder" time="0.128" classname="com.mtx.shop1118.MtxShopOrderTest1123_2"/>
  <testcase name="test06_addOrder" time="0.110" classname="com.mtx.shop1118.MtxShopOrderTest1123_2"/>
  <testcase name="test02_addOrder" time="0.186" classname="com.mtx.shop1118.MtxShopOrderTest1123_2"/>
  <testcase name="test05_addOrder" time="0.090" classname="com.mtx.shop1118.MtxShopOrderTest1123_2"/>
  <testcase name="test01_login" time="1.332" classname="com.mtx.shop1118.MtxShopOrderTest1123_2"/>
  <testcase name="test04_addOrder" time="0.142" classname="com.mtx.shop1118.MtxShopOrderTest1123_2"/>
</testsuite> <!-- com.mtx.shop1118.MtxShopOrderTest1123_2 -->
