<?xml version="1.0" encoding="UTF-8"?>
<!-- Generated by org.testng.reporters.JUnitReportReporter -->
<testsuite skipped="0" hostname="DESKTOP-LH273OQ" name="com.mtx.apitest.AddCustomerTests" tests="4" failures="0" timestamp="14 十二月 2020 04:44:00 GMT" time="0.198" errors="0">
  <testcase name="test04_addCustomer" time="0.048" classname="com.mtx.apitest.AddCustomerTests"/>
  <testcase name="test03_addCustomer" time="0.036" classname="com.mtx.apitest.AddCustomerTests"/>
  <testcase name="test02_addCustomer" time="0.040" classname="com.mtx.apitest.AddCustomerTests"/>
  <testcase name="test01_addCustomer" time="0.074" classname="com.mtx.apitest.AddCustomerTests"/>
</testsuite> <!-- com.mtx.apitest.AddCustomerTests -->
