<?xml version="1.0" encoding="UTF-8"?>
<!-- Generated by org.testng.reporters.JUnitReportReporter -->
<testsuite skipped="0" hostname="DESKTOP-LH273OQ" name="com.mtx.shop1118.MtxShopLoginTest" tests="5" failures="0" timestamp="08 十二月 2020 12:35:39 GMT" time="0.429" errors="0">
  <testcase name="test04_login" time="0.089" classname="com.mtx.shop1118.MtxShopLoginTest"/>
  <testcase name="test04_login" time="0.090" classname="com.mtx.shop1118.MtxShopLoginTest"/>
  <testcase name="test04_login" time="0.077" classname="com.mtx.shop1118.MtxShopLoginTest"/>
  <testcase name="test04_login" time="0.090" classname="com.mtx.shop1118.MtxShopLoginTest"/>
  <testcase name="test04_login" time="0.083" classname="com.mtx.shop1118.MtxShopLoginTest"/>
</testsuite> <!-- com.mtx.shop1118.MtxShopLoginTest -->
