<?xml version="1.0" encoding="UTF-8"?>
<!-- Generated by org.testng.reporters.JUnitReportReporter -->
<testsuite skipped="0" hostname="DESKTOP-LH273OQ" name="com.mtx.crm1121.MtxCrmAddCustomerTest" tests="2" failures="0" timestamp="04 十二月 2020 02:22:35 GMT" time="0.370" errors="0">
  <testcase name="test01_login" time="0.302" classname="com.mtx.crm1121.MtxCrmAddCustomerTest"/>
  <testcase name="test02_addCustomer" time="0.068" classname="com.mtx.crm1121.MtxCrmAddCustomerTest"/>
</testsuite> <!-- com.mtx.crm1121.MtxCrmAddCustomerTest -->
