<?xml version="1.0" encoding="UTF-8"?>
<!-- Generated by org.testng.reporters.JUnitReportReporter -->
<testsuite skipped="0" hostname="DESKTOP-LH273OQ" name="com.mtx.pinter1118.MtxPinterStudy" tests="1" failures="0" timestamp="28 十一月 2020 13:01:19 GMT" time="1.048" errors="0">
  <testcase name="test01_login" time="1.048" classname="com.mtx.pinter1118.MtxPinterStudy"/>
</testsuite> <!-- com.mtx.pinter1118.MtxPinterStudy -->
