<?xml version="1.0" encoding="UTF-8"?>
<!-- Generated by org.testng.reporters.JUnitReportReporter -->
<testsuite skipped="0" hostname="DESKTOP-LH273OQ" name="com.mtx.apitest.HttpGetEx" tests="1" failures="0" timestamp="25 十一月 2020 11:23:00 GMT" time="0.861" errors="0">
  <testcase name="pinterGet" time="0.861" classname="com.mtx.apitest.HttpGetEx"/>
</testsuite> <!-- com.mtx.apitest.HttpGetEx -->
