<?xml version="1.0" encoding="UTF-8"?>
<!-- Generated by org.testng.reporters.JUnitReportReporter -->
<testsuite skipped="0" hostname="DESKTOP-LH273OQ" name="com.mtx.apitest.AddContracterTests" tests="1" failures="0" timestamp="14 十二月 2020 04:22:54 GMT" time="0.086" errors="0">
  <testcase name="test01_addContracter" time="0.086" classname="com.mtx.apitest.AddContracterTests"/>
</testsuite> <!-- com.mtx.apitest.AddContracterTests -->
