<?xml version="1.0" encoding="UTF-8"?>
<!-- Generated by org.testng.reporters.JUnitReportReporter -->
<testsuite skipped="0" hostname="DESKTOP-LH273OQ" name="com.mtx.crm1121.MtxCrmLoginTest" tests="1" failures="0" timestamp="02 十二月 2020 12:37:59 GMT" time="0.189" errors="0">
  <testcase name="test02_login" time="0.189" classname="com.mtx.crm1121.MtxCrmLoginTest"/>
</testsuite> <!-- com.mtx.crm1121.MtxCrmLoginTest -->
