<?xml version="1.0" encoding="UTF-8"?>
<!-- Generated by org.testng.reporters.JUnitReportReporter -->
<testsuite skipped="0" hostname="DESKTOP-LH273OQ" name="com.mtx.pinter1118.MtxPinterQueryTest" tests="1" failures="0" timestamp="28 十一月 2020 13:28:54 GMT" time="0.105" errors="0">
  <testcase name="test01_query" time="0.105" classname="com.mtx.pinter1118.MtxPinterQueryTest"/>
</testsuite> <!-- com.mtx.pinter1118.MtxPinterQueryTest -->
