<?xml version="1.0" encoding="UTF-8"?>
<!-- Generated by org.testng.reporters.JUnitReportReporter -->
<testsuite skipped="0" hostname="DESKTOP-LH273OQ" name="com.mtx.shop1118.MtxShopRegisterTest" tests="1" failures="0" timestamp="13 十二月 2020 09:19:25 GMT" time="0.990" errors="0">
  <testcase name="test01_register" time="0.990" classname="com.mtx.shop1118.MtxShopRegisterTest"/>
</testsuite> <!-- com.mtx.shop1118.MtxShopRegisterTest -->
