<?xml version="1.0" encoding="UTF-8"?>
<!-- Generated by org.testng.reporters.JUnitReportReporter -->
<testsuite skipped="0" hostname="DESKTOP-LH273OQ" name="com.mtx.shop1118.MtxShopOrderTest1123" tests="2" failures="0" timestamp="01 十二月 2020 11:51:06 GMT" time="1.094" errors="0">
  <testcase name="test01_login" time="0.988" classname="com.mtx.shop1118.MtxShopOrderTest1123"/>
  <testcase name="test06_addOrder" time="0.106" classname="com.mtx.shop1118.MtxShopOrderTest1123"/>
</testsuite> <!-- com.mtx.shop1118.MtxShopOrderTest1123 -->
