<?xml version="1.0" encoding="UTF-8"?>
<!-- Generated by org.testng.reporters.JUnitReportReporter -->
<testsuite skipped="0" hostname="DESKTOP-LH273OQ" name="com.mtx.pinter1118.MtxPinterLoginTest" tests="1" failures="0" timestamp="01 十二月 2020 05:41:13 GMT" time="0.087" errors="0">
  <testcase name="test01_login" time="0.087" classname="com.mtx.pinter1118.MtxPinterLoginTest"/>
</testsuite> <!-- com.mtx.pinter1118.MtxPinterLoginTest -->
