<?xml version="1.0" encoding="UTF-8"?>
<!-- Generated by org.testng.reporters.JUnitReportReporter -->
<testsuite skipped="0" hostname="DESKTOP-LH273OQ" name="com.mtx.shop1118.MtxShopCartSaveTest" tests="3" failures="0" timestamp="30 十一月 2020 10:37:29 GMT" time="0.257" errors="0">
  <testcase name="test04_cartSave" time="0.081" classname="com.mtx.shop1118.MtxShopCartSaveTest"/>
  <testcase name="test04_cartSave" time="0.102" classname="com.mtx.shop1118.MtxShopCartSaveTest"/>
  <testcase name="test04_cartSave" time="0.074" classname="com.mtx.shop1118.MtxShopCartSaveTest"/>
</testsuite> <!-- com.mtx.shop1118.MtxShopCartSaveTest -->
