<?xml version="1.0" encoding="UTF-8"?>
<!-- Generated by org.testng.reporters.JUnitReportReporter -->
<testsuite skipped="1" hostname="DESKTOP-LH273OQ" name="com.mtx.crm1121.MtxCrmLoginTest1123" tests="3" failures="0" timestamp="03 十二月 2020 02:34:26 GMT" time="0.236" errors="0">
  <testcase name="test02_login" time="0.200" classname="com.mtx.crm1121.MtxCrmLoginTest1123"/>
  <testcase name="test03_customerList" time="0.036" classname="com.mtx.crm1121.MtxCrmLoginTest1123"/>
  <testcase name="test01_login" classname="com.mtx.crm1121.MtxCrmLoginTest1123">
    <skipped/>
  </testcase> <!-- test01_login -->
</testsuite> <!-- com.mtx.crm1121.MtxCrmLoginTest1123 -->
