<?xml version="1.0" encoding="UTF-8"?>
<!-- Generated by org.testng.reporters.JUnitReportReporter -->
<testsuite skipped="0" hostname="DESKTOP-LH273OQ" name="com.mtx.shop1118.MtxShopOrderTest1123_3" tests="2" failures="0" timestamp="10 十二月 2020 04:34:25 GMT" time="1.422" errors="0">
  <testcase name="test01_login" time="1.156" classname="com.mtx.shop1118.MtxShopOrderTest1123_3"/>
  <testcase name="test02_addOrder" time="0.266" classname="com.mtx.shop1118.MtxShopOrderTest1123_3"/>
</testsuite> <!-- com.mtx.shop1118.MtxShopOrderTest1123_3 -->
