<?xml version="1.0" encoding="UTF-8"?>
<!-- Generated by org.testng.reporters.JUnitReportReporter -->
<testsuite skipped="0" hostname="DESKTOP-LH273OQ" name="com.mtx.shop1118.MtxShopBuyAddTest" tests="1" failures="0" timestamp="30 十一月 2020 10:50:04 GMT" time="0.137" errors="0">
  <testcase name="test02_buyAdd" time="0.137" classname="com.mtx.shop1118.MtxShopBuyAddTest"/>
</testsuite> <!-- com.mtx.shop1118.MtxShopBuyAddTest -->
