<?xml version="1.0" encoding="UTF-8"?>
<!-- Generated by org.testng.reporters.JUnitReportReporter -->
<testsuite skipped="0" hostname="DESKTOP-LH273OQ" name="com.mtx.shop1118.MtxShopOrderTest1123_3" tests="2" failures="0" timestamp="18 一月 2021 12:19:46 GMT" time="1.459" errors="0">
  <testcase name="test02_addOrder" time="0.268" classname="com.mtx.shop1118.MtxShopOrderTest1123_3"/>
  <testcase name="test01_login" time="1.191" classname="com.mtx.shop1118.MtxShopOrderTest1123_3"/>
</testsuite> <!-- com.mtx.shop1118.MtxShopOrderTest1123_3 -->
