<?xml version="1.0" encoding="UTF-8"?>
<!-- Generated by org.testng.reporters.JUnitReportReporter -->
<testsuite skipped="0" hostname="DESKTOP-LH273OQ" name="com.mtx.apitest.HttpPostStudy" tests="1" failures="0" timestamp="27 十一月 2020 10:19:12 GMT" time="1.390" errors="0">
  <testcase name="pinterBankLoginPost" time="1.390" classname="com.mtx.apitest.HttpPostStudy"/>
</testsuite> <!-- com.mtx.apitest.HttpPostStudy -->
