<?xml version="1.0" encoding="UTF-8"?>
<!-- Generated by org.testng.reporters.JUnitReportReporter -->
<testsuite skipped="0" hostname="DESKTOP-LH273OQ" name="com.mtx.shop1118.MtxShopLoginTest" tests="5" failures="0" timestamp="18 一月 2021 12:19:46 GMT" time="0.481" errors="0">
  <testcase name="test04_login" time="0.095" classname="com.mtx.shop1118.MtxShopLoginTest"/>
  <testcase name="test04_login" time="0.109" classname="com.mtx.shop1118.MtxShopLoginTest"/>
  <testcase name="test04_login" time="0.091" classname="com.mtx.shop1118.MtxShopLoginTest"/>
  <testcase name="test04_login" time="0.079" classname="com.mtx.shop1118.MtxShopLoginTest"/>
  <testcase name="test04_login" time="0.107" classname="com.mtx.shop1118.MtxShopLoginTest"/>
</testsuite> <!-- com.mtx.shop1118.MtxShopLoginTest -->
