<?xml version="1.0" encoding="UTF-8"?>
<!-- Generated by org.testng.reporters.JUnitReportReporter -->
<testsuite skipped="0" hostname="DESKTOP-LH273OQ" name="com.mtx.shop1118.MtxShopOrderTest" tests="2" failures="0" timestamp="01 十二月 2020 11:29:46 GMT" time="1.095" errors="0">
  <testcase name="test01_login" time="0.950" classname="com.mtx.shop1118.MtxShopOrderTest"/>
  <testcase name="test02_addOrder" time="0.145" classname="com.mtx.shop1118.MtxShopOrderTest"/>
</testsuite> <!-- com.mtx.shop1118.MtxShopOrderTest -->
